
::::::::::::::::::::::::::::::::::::::::::::::::::::::::::::::::::::::
  Multi-core Markov-chain Monte Carlo (mc3).
  Version 3.1.2.
  Copyright (c) 2015-2024 Patricio Cubillos and collaborators.
  mc3 is open-source software under the MIT license (see LICENSE).
::::::::::::::::::::::::::::::::::::::::::::::::::::::::::::::::::::::

Start MCMC chains  (Thu Jan 18 18:37:01 2024)

[:         ]  10.0% completed  (Thu Jan 18 18:37:05 2024)
Out-of-bound Trials:
[0 0]
Best Parameters: (chisq=11.2914)
[3.45736237 3.53004522]
Gelman-Rubin statistics for free parameters:
[1.03482035 1.02520878]

[::        ]  20.0% completed  (Thu Jan 18 18:37:08 2024)
Out-of-bound Trials:
[0 0]
Best Parameters: (chisq=11.2901)
[3.4493011  3.52292234]
Gelman-Rubin statistics for free parameters:
[1.01609571 1.01076778]

[:::       ]  30.0% completed  (Thu Jan 18 18:37:12 2024)
Out-of-bound Trials:
[0 0]
Best Parameters: (chisq=11.2901)
[3.4493011  3.52292234]
Gelman-Rubin statistics for free parameters:
[1.00975742 1.00649008]
All parameters converged to within 1% of unity.

[::::      ]  40.0% completed  (Thu Jan 18 18:37:15 2024)
Out-of-bound Trials:
[0 0]
Best Parameters: (chisq=11.2901)
[3.4493011  3.52292234]
Gelman-Rubin statistics for free parameters:
[1.00709374 1.00450535]
All parameters converged to within 1% of unity.

[:::::     ]  50.0% completed  (Thu Jan 18 18:37:18 2024)
Out-of-bound Trials:
[0 0]
Best Parameters: (chisq=11.2899)
[3.45088979 3.52422926]
Gelman-Rubin statistics for free parameters:
[1.00494733 1.00321251]
All parameters converged to within 1% of unity.

[::::::    ]  60.0% completed  (Thu Jan 18 18:37:22 2024)
Out-of-bound Trials:
[0 0]
Best Parameters: (chisq=11.2899)
[3.45088979 3.52422926]
Gelman-Rubin statistics for free parameters:
[1.0039378  1.00240993]
All parameters converged to within 1% of unity.

[:::::::   ]  70.0% completed  (Thu Jan 18 18:37:25 2024)
Out-of-bound Trials:
[0 0]
Best Parameters: (chisq=11.2899)
[3.45088979 3.52422926]
Gelman-Rubin statistics for free parameters:
[1.00311927 1.00191995]
All parameters converged to within 1% of unity.

[::::::::  ]  80.0% completed  (Thu Jan 18 18:37:28 2024)
Out-of-bound Trials:
[0 0]
Best Parameters: (chisq=11.2899)
[3.45088979 3.52422926]
Gelman-Rubin statistics for free parameters:
[1.00296705 1.00178273]
All parameters converged to within 1% of unity.

[::::::::: ]  90.0% completed  (Thu Jan 18 18:37:31 2024)
Out-of-bound Trials:
[0 0]
Best Parameters: (chisq=11.2899)
[3.45088979 3.52422926]
Gelman-Rubin statistics for free parameters:
[1.00256682 1.0016091 ]
All parameters converged to within 1% of unity.

[::::::::::] 100.0% completed  (Thu Jan 18 18:37:34 2024)
Out-of-bound Trials:
[0 0]
Best Parameters: (chisq=11.2899)
[3.45088979 3.52422926]
Gelman-Rubin statistics for free parameters:
[1.0021064 1.0013111]
All parameters converged to within 1% of unity.

MCMC Summary:
-------------
  Number of evaluated samples:        100008
  Number of parallel chains:              12
  Average iterations per chain:         8334
  Burned-in iterations per chain:          0
  Thinning factor:                         1
  MCMC sample size (thinned, burned): 100008
  Acceptance rate:   31.52%

Parameter name     best fit   median      1sigma_low   1sigma_hi        S/N
--------------- -----------  -----------------------------------  ---------
c0               3.4509e+00   3.4633e+00 -1.5681e-01  1.6643e-01       13.6
c1               3.5242e+00   3.5345e+00 -1.4273e-01  1.5743e-01       18.0

  Best-parameter's chi-squared:        5.2077
  Best-parameter's -2*log(posterior): 11.2899
  Bayesian Information Criterion:     15.8143
  Reduced chi-squared:                 0.0262
  Standard deviation of residuals:  0.0158553

For a detailed summary with all parameter posterior statistics see
de_mcmc_statistics.txt

Output sampler files:
  de_mcmc_statistics.txt
  de_mcmc.npz
  de_mcmc_trace.png
  de_mcmc_pairwise_posterior.png
  de_mcmc_marginal_posterior.png
  de_mcmc_RMS.png
  de_mcmc.log
